This file contains any messages produced by compilers while
running configure, to aid debugging if configure makes a mistake.

It was created by configure, which was
generated by GNU Autoconf 2.69.  Invocation command line was

  $ ./configure 

## --------- ##
## Platform. ##
## --------- ##

hostname = epsilon-it
uname -m = x86_64
uname -r = 4.4.0-122-generic
uname -s = Linux
uname -v = #146-Ubuntu SMP Mon Apr 23 15:34:04 UTC 2018

/usr/bin/uname -p = unknown
/bin/uname -X     = unknown

/bin/arch              = unknown
/usr/bin/arch -k       = unknown
/usr/convex/getsysinfo = unknown
/usr/bin/hostinfo      = unknown
/bin/machine           = unknown
/usr/bin/oslevel       = unknown
/bin/universe          = unknown

PATH: /home/ginter/udapi-python/bin
PATH: /usr/local/sbin
PATH: /usr/local/bin
PATH: /usr/sbin
PATH: /usr/bin
PATH: /sbin
PATH: /bin
PATH: /usr/games
PATH: /usr/local/games
PATH: /snap/bin


## ----------- ##
## Core tests. ##
## ----------- ##

configure:2509: checking build system type
configure:2523: result: x86_64-pc-linux-gnu
configure:2543: checking host system type
configure:2556: result: x86_64-pc-linux-gnu
configure:2627: checking for gcc
configure:2643: found /usr/bin/gcc
configure:2654: result: gcc
configure:2883: checking for C compiler version
configure:2892: gcc --version >&5
gcc (Ubuntu 5.4.0-6ubuntu1~16.04.10) 5.4.0 20160609
Copyright (C) 2015 Free Software Foundation, Inc.
This is free software; see the source for copying conditions.  There is NO
warranty; not even for MERCHANTABILITY or FITNESS FOR A PARTICULAR PURPOSE.

configure:2903: $? = 0
configure:2892: gcc -v >&5
Using built-in specs.
COLLECT_GCC=gcc
COLLECT_LTO_WRAPPER=/usr/lib/gcc/x86_64-linux-gnu/5/lto-wrapper
Target: x86_64-linux-gnu
Configured with: ../src/configure -v --with-pkgversion='Ubuntu 5.4.0-6ubuntu1~16.04.10' --with-bugurl=file:///usr/share/doc/gcc-5/README.Bugs --enable-languages=c,ada,c++,java,go,d,fortran,objc,obj-c++ --prefix=/usr --program-suffix=-5 --enable-shared --enable-linker-build-id --libexecdir=/usr/lib --without-included-gettext --enable-threads=posix --libdir=/usr/lib --enable-nls --with-sysroot=/ --enable-clocale=gnu --enable-libstdcxx-debug --enable-libstdcxx-time=yes --with-default-libstdcxx-abi=new --enable-gnu-unique-object --disable-vtable-verify --enable-libmpx --enable-plugin --with-system-zlib --disable-browser-plugin --enable-java-awt=gtk --enable-gtk-cairo --with-java-home=/usr/lib/jvm/java-1.5.0-gcj-5-amd64/jre --enable-java-home --with-jvm-root-dir=/usr/lib/jvm/java-1.5.0-gcj-5-amd64 --with-jvm-jar-dir=/usr/lib/jvm-exports/java-1.5.0-gcj-5-amd64 --with-arch-directory=amd64 --with-ecj-jar=/usr/share/java/eclipse-ecj.jar --enable-objc-gc --enable-multiarch --disable-werror --with-arch-32=i686 --with-abi=m64 --with-multilib-list=m32,m64,mx32 --enable-multilib --with-tune=generic --enable-checking=release --build=x86_64-linux-gnu --host=x86_64-linux-gnu --target=x86_64-linux-gnu
Thread model: posix
gcc version 5.4.0 20160609 (Ubuntu 5.4.0-6ubuntu1~16.04.10) 
configure:2903: $? = 0
configure:2892: gcc -V >&5
gcc: error: unrecognized command line option '-V'
gcc: fatal error: no input files
compilation terminated.
configure:2903: $? = 1
configure:2892: gcc -qversion >&5
gcc: error: unrecognized command line option '-qversion'
gcc: fatal error: no input files
compilation terminated.
configure:2903: $? = 1
configure:2923: checking whether the C compiler works
configure:2945: gcc    conftest.c  >&5
configure:2949: $? = 0
configure:2997: result: yes
configure:3000: checking for C compiler default output file name
configure:3002: result: a.out
configure:3008: checking for suffix of executables
configure:3015: gcc -o conftest    conftest.c  >&5
configure:3019: $? = 0
configure:3041: result: 
configure:3063: checking whether we are cross compiling
configure:3071: gcc -o conftest    conftest.c  >&5
configure:3075: $? = 0
configure:3082: ./conftest
configure:3086: $? = 0
configure:3101: result: no
configure:3106: checking for suffix of object files
configure:3128: gcc -c   conftest.c >&5
configure:3132: $? = 0
configure:3153: result: o
configure:3157: checking whether we are using the GNU C compiler
configure:3176: gcc -c   conftest.c >&5
configure:3176: $? = 0
configure:3185: result: yes
configure:3194: checking whether gcc accepts -g
configure:3214: gcc -c -g  conftest.c >&5
configure:3214: $? = 0
configure:3255: result: yes
configure:3272: checking for gcc option to accept ISO C89
configure:3335: gcc  -c -g -O2  conftest.c >&5
configure:3335: $? = 0
configure:3348: result: none needed
configure:3373: checking whether gcc understands -c and -o together
configure:3395: gcc -c conftest.c -o conftest2.o
configure:3398: $? = 0
configure:3395: gcc -c conftest.c -o conftest2.o
configure:3398: $? = 0
configure:3410: result: yes
configure:3433: checking how to run the C preprocessor
configure:3464: gcc -E  conftest.c
configure:3464: $? = 0
configure:3478: gcc -E  conftest.c
conftest.c:9:28: fatal error: ac_nonexistent.h: No such file or directory
compilation terminated.
configure:3478: $? = 1
configure: failed program was:
| /* confdefs.h */
| #define PACKAGE_NAME ""
| #define PACKAGE_TARNAME ""
| #define PACKAGE_VERSION ""
| #define PACKAGE_STRING ""
| #define PACKAGE_BUGREPORT ""
| #define PACKAGE_URL ""
| /* end confdefs.h.  */
| #include <ac_nonexistent.h>
configure:3503: result: gcc -E
configure:3523: gcc -E  conftest.c
configure:3523: $? = 0
configure:3537: gcc -E  conftest.c
conftest.c:9:28: fatal error: ac_nonexistent.h: No such file or directory
compilation terminated.
configure:3537: $? = 1
configure: failed program was:
| /* confdefs.h */
| #define PACKAGE_NAME ""
| #define PACKAGE_TARNAME ""
| #define PACKAGE_VERSION ""
| #define PACKAGE_STRING ""
| #define PACKAGE_BUGREPORT ""
| #define PACKAGE_URL ""
| /* end confdefs.h.  */
| #include <ac_nonexistent.h>
configure:3566: checking for grep that handles long lines and -e
configure:3624: result: /bin/grep
configure:3629: checking for egrep
configure:3691: result: /bin/grep -E
configure:3696: checking for ANSI C header files
configure:3716: gcc -c -g -O2  conftest.c >&5
configure:3716: $? = 0
configure:3789: gcc -o conftest -g -O2   conftest.c  >&5
configure:3789: $? = 0
configure:3789: ./conftest
configure:3789: $? = 0
configure:3800: result: yes
configure:3813: checking for sys/types.h
configure:3813: gcc -c -g -O2  conftest.c >&5
configure:3813: $? = 0
configure:3813: result: yes
configure:3813: checking for sys/stat.h
configure:3813: gcc -c -g -O2  conftest.c >&5
configure:3813: $? = 0
configure:3813: result: yes
configure:3813: checking for stdlib.h
configure:3813: gcc -c -g -O2  conftest.c >&5
configure:3813: $? = 0
configure:3813: result: yes
configure:3813: checking for string.h
configure:3813: gcc -c -g -O2  conftest.c >&5
configure:3813: $? = 0
configure:3813: result: yes
configure:3813: checking for memory.h
configure:3813: gcc -c -g -O2  conftest.c >&5
configure:3813: $? = 0
configure:3813: result: yes
configure:3813: checking for strings.h
configure:3813: gcc -c -g -O2  conftest.c >&5
configure:3813: $? = 0
configure:3813: result: yes
configure:3813: checking for inttypes.h
configure:3813: gcc -c -g -O2  conftest.c >&5
configure:3813: $? = 0
configure:3813: result: yes
configure:3813: checking for stdint.h
configure:3813: gcc -c -g -O2  conftest.c >&5
configure:3813: $? = 0
configure:3813: result: yes
configure:3813: checking for unistd.h
configure:3813: gcc -c -g -O2  conftest.c >&5
configure:3813: $? = 0
configure:3813: result: yes
configure:3826: checking minix/config.h usability
configure:3826: gcc -c -g -O2  conftest.c >&5
conftest.c:52:26: fatal error: minix/config.h: No such file or directory
compilation terminated.
configure:3826: $? = 1
configure: failed program was:
| /* confdefs.h */
| #define PACKAGE_NAME ""
| #define PACKAGE_TARNAME ""
| #define PACKAGE_VERSION ""
| #define PACKAGE_STRING ""
| #define PACKAGE_BUGREPORT ""
| #define PACKAGE_URL ""
| #define STDC_HEADERS 1
| #define HAVE_SYS_TYPES_H 1
| #define HAVE_SYS_STAT_H 1
| #define HAVE_STDLIB_H 1
| #define HAVE_STRING_H 1
| #define HAVE_MEMORY_H 1
| #define HAVE_STRINGS_H 1
| #define HAVE_INTTYPES_H 1
| #define HAVE_STDINT_H 1
| #define HAVE_UNISTD_H 1
| /* end confdefs.h.  */
| #include <stdio.h>
| #ifdef HAVE_SYS_TYPES_H
| # include <sys/types.h>
| #endif
| #ifdef HAVE_SYS_STAT_H
| # include <sys/stat.h>
| #endif
| #ifdef STDC_HEADERS
| # include <stdlib.h>
| # include <stddef.h>
| #else
| # ifdef HAVE_STDLIB_H
| #  include <stdlib.h>
| # endif
| #endif
| #ifdef HAVE_STRING_H
| # if !defined STDC_HEADERS && defined HAVE_MEMORY_H
| #  include <memory.h>
| # endif
| # include <string.h>
| #endif
| #ifdef HAVE_STRINGS_H
| # include <strings.h>
| #endif
| #ifdef HAVE_INTTYPES_H
| # include <inttypes.h>
| #endif
| #ifdef HAVE_STDINT_H
| # include <stdint.h>
| #endif
| #ifdef HAVE_UNISTD_H
| # include <unistd.h>
| #endif
| #include <minix/config.h>
configure:3826: result: no
configure:3826: checking minix/config.h presence
configure:3826: gcc -E  conftest.c
conftest.c:19:26: fatal error: minix/config.h: No such file or directory
compilation terminated.
configure:3826: $? = 1
configure: failed program was:
| /* confdefs.h */
| #define PACKAGE_NAME ""
| #define PACKAGE_TARNAME ""
| #define PACKAGE_VERSION ""
| #define PACKAGE_STRING ""
| #define PACKAGE_BUGREPORT ""
| #define PACKAGE_URL ""
| #define STDC_HEADERS 1
| #define HAVE_SYS_TYPES_H 1
| #define HAVE_SYS_STAT_H 1
| #define HAVE_STDLIB_H 1
| #define HAVE_STRING_H 1
| #define HAVE_MEMORY_H 1
| #define HAVE_STRINGS_H 1
| #define HAVE_INTTYPES_H 1
| #define HAVE_STDINT_H 1
| #define HAVE_UNISTD_H 1
| /* end confdefs.h.  */
| #include <minix/config.h>
configure:3826: result: no
configure:3826: checking for minix/config.h
configure:3826: result: no
configure:3847: checking whether it is safe to define __EXTENSIONS__
configure:3865: gcc -c -g -O2  conftest.c >&5
configure:3865: $? = 0
configure:3872: result: yes
configure:3888: checking for library containing strerror
configure:3919: gcc -o conftest -g -O2   conftest.c  >&5
configure:3919: $? = 0
configure:3936: result: none required
configure:3962: checking for a BSD-compatible install
configure:4030: result: /usr/bin/install -c
configure:4041: checking whether build environment is sane
configure:4096: result: yes
configure:4244: checking for a thread-safe mkdir -p
configure:4283: result: /bin/mkdir -p
configure:4290: checking for gawk
configure:4306: found /usr/bin/gawk
configure:4317: result: gawk
configure:4328: checking whether make sets $(MAKE)
configure:4350: result: yes
configure:4380: checking for style of include used by make
configure:4408: result: GNU
configure:4442: checking whether make supports nested variables
configure:4459: result: yes
configure:4545: checking dependency style of gcc
configure:4656: result: gcc3
configure:4717: checking whether to enable maintainer-specific portions of Makefiles
configure:4726: result: no
configure:4739: checking for function prototypes
configure:4742: result: yes
configure:4755: checking for ANSI C header files
configure:4859: result: yes
configure:4870: checking for string.h
configure:4870: result: yes
configure:4928: checking how to print strings
configure:4955: result: printf
configure:4976: checking for a sed that does not truncate output
configure:5040: result: /bin/sed
configure:5058: checking for fgrep
configure:5120: result: /bin/grep -F
configure:5155: checking for ld used by gcc
configure:5222: result: /usr/bin/ld
configure:5229: checking if the linker (/usr/bin/ld) is GNU ld
configure:5244: result: yes
configure:5256: checking for BSD- or MS-compatible name lister (nm)
configure:5310: result: /usr/bin/nm -B
configure:5440: checking the name lister (/usr/bin/nm -B) interface
configure:5447: gcc -c -g -O2  conftest.c >&5
configure:5450: /usr/bin/nm -B "conftest.o"
configure:5453: output
0000000000000000 B some_variable
configure:5460: result: BSD nm
configure:5463: checking whether ln -s works
configure:5467: result: yes
configure:5475: checking the maximum length of command line arguments
configure:5606: result: 1572864
configure:5654: checking how to convert x86_64-pc-linux-gnu file names to x86_64-pc-linux-gnu format
configure:5694: result: func_convert_file_noop
configure:5701: checking how to convert x86_64-pc-linux-gnu file names to toolchain format
configure:5721: result: func_convert_file_noop
configure:5728: checking for /usr/bin/ld option to reload object files
configure:5735: result: -r
configure:5809: checking for objdump
configure:5825: found /usr/bin/objdump
configure:5836: result: objdump
configure:5868: checking how to recognize dependent libraries
configure:6068: result: pass_all
configure:6153: checking for dlltool
configure:6183: result: no
configure:6213: checking how to associate runtime and link libraries
configure:6240: result: printf %s\n
configure:6300: checking for ar
configure:6316: found /usr/bin/ar
configure:6327: result: ar
configure:6364: checking for archiver @FILE support
configure:6381: gcc -c -g -O2  conftest.c >&5
configure:6381: $? = 0
configure:6384: ar cru libconftest.a @conftest.lst >&5
ar: `u' modifier ignored since `D' is the default (see `U')
configure:6387: $? = 0
configure:6392: ar cru libconftest.a @conftest.lst >&5
ar: `u' modifier ignored since `D' is the default (see `U')
ar: conftest.o: No such file or directory
configure:6395: $? = 1
configure:6407: result: @
configure:6465: checking for strip
configure:6481: found /usr/bin/strip
configure:6492: result: strip
configure:6564: checking for ranlib
configure:6580: found /usr/bin/ranlib
configure:6591: result: ranlib
configure:6693: checking command to parse /usr/bin/nm -B output from gcc object
configure:6846: gcc -c -g -O2  conftest.c >&5
configure:6849: $? = 0
configure:6853: /usr/bin/nm -B conftest.o \| sed -n -e 's/^.*[ ]\([ABCDGIRSTW][ABCDGIRSTW]*\)[ ][ ]*\([_A-Za-z][_A-Za-z0-9]*\)$/\1 \2 \2/p' | sed '/ __gnu_lto/d' \> conftest.nm
configure:6856: $? = 0
configure:6922: gcc -o conftest -g -O2   conftest.c conftstm.o >&5
configure:6925: $? = 0
configure:6963: result: ok
configure:7010: checking for sysroot
configure:7040: result: no
configure:7047: checking for a working dd
configure:7085: result: /bin/dd
configure:7089: checking how to truncate binary pipes
configure:7104: result: /bin/dd bs=4096 count=1
configure:7240: gcc -c -g -O2  conftest.c >&5
configure:7243: $? = 0
configure:7433: checking for mt
configure:7449: found /bin/mt
configure:7460: result: mt
configure:7483: checking if mt is a manifest tool
configure:7489: mt '-?'
configure:7497: result: no
configure:8171: checking for dlfcn.h
configure:8171: gcc -c -g -O2  conftest.c >&5
configure:8171: $? = 0
configure:8171: result: yes
configure:8427: checking for objdir
configure:8442: result: .libs
configure:8706: checking if gcc supports -fno-rtti -fno-exceptions
configure:8724: gcc -c -g -O2  -fno-rtti -fno-exceptions conftest.c >&5
cc1: warning: command line option '-fno-rtti' is valid for C++/ObjC++ but not for C
configure:8728: $? = 0
configure:8741: result: no
configure:9099: checking for gcc option to produce PIC
configure:9106: result: -fPIC -DPIC
configure:9114: checking if gcc PIC flag -fPIC -DPIC works
configure:9132: gcc -c -g -O2  -fPIC -DPIC -DPIC conftest.c >&5
configure:9136: $? = 0
configure:9149: result: yes
configure:9178: checking if gcc static flag -static works
configure:9206: result: yes
configure:9221: checking if gcc supports -c -o file.o
configure:9242: gcc -c -g -O2  -o out/conftest2.o conftest.c >&5
configure:9246: $? = 0
configure:9268: result: yes
configure:9276: checking if gcc supports -c -o file.o
configure:9323: result: yes
configure:9356: checking whether the gcc linker (/usr/bin/ld -m elf_x86_64) supports shared libraries
configure:10619: result: yes
configure:10656: checking whether -lc should be explicitly linked in
configure:10664: gcc -c -g -O2  conftest.c >&5
configure:10667: $? = 0
configure:10682: gcc -shared  -fPIC -DPIC conftest.o  -v -Wl,-soname -Wl,conftest -o conftest 2\>\&1 \| /bin/grep  -lc  \>/dev/null 2\>\&1
configure:10685: $? = 0
configure:10699: result: no
configure:10859: checking dynamic linker characteristics
configure:11440: gcc -o conftest -g -O2   -Wl,-rpath -Wl,/foo conftest.c  >&5
configure:11440: $? = 0
configure:11689: result: GNU/Linux ld.so
configure:11811: checking how to hardcode library paths into programs
configure:11836: result: immediate
configure:12384: checking whether stripping libraries is possible
configure:12389: result: yes
configure:12424: checking if libtool supports shared libraries
configure:12426: result: yes
configure:12429: checking whether to build shared libraries
configure:12454: result: yes
configure:12457: checking whether to build static libraries
configure:12461: result: yes
configure:12499: checking whether ln -s works
configure:12503: result: yes
configure:12517: checking for ANSI C header files
configure:12621: result: yes
configure:12632: checking fcntl.h usability
configure:12632: gcc -c -std=c99   conftest.c >&5
configure:12632: $? = 0
configure:12632: result: yes
configure:12632: checking fcntl.h presence
configure:12632: gcc -E  conftest.c
configure:12632: $? = 0
configure:12632: result: yes
configure:12632: checking for fcntl.h
configure:12632: result: yes
configure:12632: checking limits.h usability
configure:12632: gcc -c -std=c99   conftest.c >&5
configure:12632: $? = 0
configure:12632: result: yes
configure:12632: checking limits.h presence
configure:12632: gcc -E  conftest.c
configure:12632: $? = 0
configure:12632: result: yes
configure:12632: checking for limits.h
configure:12632: result: yes
configure:12632: checking malloc.h usability
configure:12632: gcc -c -std=c99   conftest.c >&5
configure:12632: $? = 0
configure:12632: result: yes
configure:12632: checking malloc.h presence
configure:12632: gcc -E  conftest.c
configure:12632: $? = 0
configure:12632: result: yes
configure:12632: checking for malloc.h
configure:12632: result: yes
configure:12632: checking for strings.h
configure:12632: result: yes
configure:12632: checking for unistd.h
configure:12632: result: yes
configure:12632: checking for stdint.h
configure:12632: result: yes
configure:12644: checking for an ANSI C-conforming const
configure:12710: gcc -c -std=c99   conftest.c >&5
configure:12710: $? = 0
configure:12717: result: yes
configure:12729: checking size of 
configure:12734: gcc -o conftest -std=c99    conftest.c  >&5
conftest.c: In function 'longval':
conftest.c:72:57: error: expected expression before ')' token
 static long int longval () { return (long int) (sizeof ()); }
                                                         ^
conftest.c: In function 'ulongval':
conftest.c:73:67: error: expected expression before ')' token
 static unsigned long int ulongval () { return (long int) (sizeof ()); }
                                                                   ^
conftest.c: In function 'main':
conftest.c:83:28: error: expected expression before ')' token
   if (((long int) (sizeof ())) < 0)
                            ^
conftest.c:86:37: error: expected expression before ')' token
       if (i != ((long int) (sizeof ())))
                                     ^
conftest.c:93:37: error: expected expression before ')' token
       if (i != ((long int) (sizeof ())))
                                     ^
configure:12734: $? = 1
configure: program exited with status 1
configure: failed program was:
| /* confdefs.h */
| #define PACKAGE_NAME ""
| #define PACKAGE_TARNAME ""
| #define PACKAGE_VERSION ""
| #define PACKAGE_STRING ""
| #define PACKAGE_BUGREPORT ""
| #define PACKAGE_URL ""
| #define STDC_HEADERS 1
| #define HAVE_SYS_TYPES_H 1
| #define HAVE_SYS_STAT_H 1
| #define HAVE_STDLIB_H 1
| #define HAVE_STRING_H 1
| #define HAVE_MEMORY_H 1
| #define HAVE_STRINGS_H 1
| #define HAVE_INTTYPES_H 1
| #define HAVE_STDINT_H 1
| #define HAVE_UNISTD_H 1
| #define __EXTENSIONS__ 1
| #define _ALL_SOURCE 1
| #define _GNU_SOURCE 1
| #define _POSIX_PTHREAD_SEMANTICS 1
| #define _TANDEM_SOURCE 1
| #define PACKAGE "crfsuite"
| #define VERSION "0.12"
| #define PROTOTYPES 1
| #define __PROTOTYPES 1
| #define STDC_HEADERS 1
| #define HAVE_STRING_H 1
| #define HAVE_DLFCN_H 1
| #define LT_OBJDIR ".libs/"
| #define STDC_HEADERS 1
| #define HAVE_FCNTL_H 1
| #define HAVE_LIMITS_H 1
| #define HAVE_MALLOC_H 1
| #define HAVE_STRINGS_H 1
| #define HAVE_UNISTD_H 1
| #define HAVE_STDINT_H 1
| /* end confdefs.h.  */
| #include <stdio.h>
| #ifdef HAVE_SYS_TYPES_H
| # include <sys/types.h>
| #endif
| #ifdef HAVE_SYS_STAT_H
| # include <sys/stat.h>
| #endif
| #ifdef STDC_HEADERS
| # include <stdlib.h>
| # include <stddef.h>
| #else
| # ifdef HAVE_STDLIB_H
| #  include <stdlib.h>
| # endif
| #endif
| #ifdef HAVE_STRING_H
| # if !defined STDC_HEADERS && defined HAVE_MEMORY_H
| #  include <memory.h>
| # endif
| # include <string.h>
| #endif
| #ifdef HAVE_STRINGS_H
| # include <strings.h>
| #endif
| #ifdef HAVE_INTTYPES_H
| # include <inttypes.h>
| #endif
| #ifdef HAVE_STDINT_H
| # include <stdint.h>
| #endif
| #ifdef HAVE_UNISTD_H
| # include <unistd.h>
| #endif
| static long int longval () { return (long int) (sizeof ()); }
| static unsigned long int ulongval () { return (long int) (sizeof ()); }
| #include <stdio.h>
| #include <stdlib.h>
| int
| main ()
| {
| 
|   FILE *f = fopen ("conftest.val", "w");
|   if (! f)
|     return 1;
|   if (((long int) (sizeof ())) < 0)
|     {
|       long int i = longval ();
|       if (i != ((long int) (sizeof ())))
| 	return 1;
|       fprintf (f, "%ld", i);
|     }
|   else
|     {
|       unsigned long int i = ulongval ();
|       if (i != ((long int) (sizeof ())))
| 	return 1;
|       fprintf (f, "%lu", i);
|     }
|   /* Do not output a trailing newline, as this causes \r\n confusion
|      on some platforms.  */
|   return ferror (f) || fclose (f) != 0;
| 
|   ;
|   return 0;
| }
configure:12748: result: 0
configure:12758: checking for size_t
configure:12758: gcc -c -std=c99   conftest.c >&5
configure:12758: $? = 0
configure:12758: gcc -c -std=c99   conftest.c >&5
conftest.c: In function 'main':
conftest.c:76:21: error: expected expression before ')' token
 if (sizeof ((size_t)))
                     ^
configure:12758: $? = 1
configure: failed program was:
| /* confdefs.h */
| #define PACKAGE_NAME ""
| #define PACKAGE_TARNAME ""
| #define PACKAGE_VERSION ""
| #define PACKAGE_STRING ""
| #define PACKAGE_BUGREPORT ""
| #define PACKAGE_URL ""
| #define STDC_HEADERS 1
| #define HAVE_SYS_TYPES_H 1
| #define HAVE_SYS_STAT_H 1
| #define HAVE_STDLIB_H 1
| #define HAVE_STRING_H 1
| #define HAVE_MEMORY_H 1
| #define HAVE_STRINGS_H 1
| #define HAVE_INTTYPES_H 1
| #define HAVE_STDINT_H 1
| #define HAVE_UNISTD_H 1
| #define __EXTENSIONS__ 1
| #define _ALL_SOURCE 1
| #define _GNU_SOURCE 1
| #define _POSIX_PTHREAD_SEMANTICS 1
| #define _TANDEM_SOURCE 1
| #define PACKAGE "crfsuite"
| #define VERSION "0.12"
| #define PROTOTYPES 1
| #define __PROTOTYPES 1
| #define STDC_HEADERS 1
| #define HAVE_STRING_H 1
| #define HAVE_DLFCN_H 1
| #define LT_OBJDIR ".libs/"
| #define STDC_HEADERS 1
| #define HAVE_FCNTL_H 1
| #define HAVE_LIMITS_H 1
| #define HAVE_MALLOC_H 1
| #define HAVE_STRINGS_H 1
| #define HAVE_UNISTD_H 1
| #define HAVE_STDINT_H 1
| #define SIZEOF_ 0
| /* end confdefs.h.  */
| #include <stdio.h>
| #ifdef HAVE_SYS_TYPES_H
| # include <sys/types.h>
| #endif
| #ifdef HAVE_SYS_STAT_H
| # include <sys/stat.h>
| #endif
| #ifdef STDC_HEADERS
| # include <stdlib.h>
| # include <stddef.h>
| #else
| # ifdef HAVE_STDLIB_H
| #  include <stdlib.h>
| # endif
| #endif
| #ifdef HAVE_STRING_H
| # if !defined STDC_HEADERS && defined HAVE_MEMORY_H
| #  include <memory.h>
| # endif
| # include <string.h>
| #endif
| #ifdef HAVE_STRINGS_H
| # include <strings.h>
| #endif
| #ifdef HAVE_INTTYPES_H
| # include <inttypes.h>
| #endif
| #ifdef HAVE_STDINT_H
| # include <stdint.h>
| #endif
| #ifdef HAVE_UNISTD_H
| # include <unistd.h>
| #endif
| int
| main ()
| {
| if (sizeof ((size_t)))
| 	    return 0;
|   ;
|   return 0;
| }
configure:12758: result: yes
configure:12769: checking whether struct tm is in sys/time.h or time.h
configure:12789: gcc -c -std=c99   conftest.c >&5
configure:12789: $? = 0
configure:12796: result: time.h
configure:12808: checking size of short
configure:12813: gcc -o conftest -std=c99    conftest.c  >&5
configure:12813: $? = 0
configure:12813: ./conftest
configure:12813: $? = 0
configure:12827: result: 2
configure:12841: checking size of unsigned short
configure:12846: gcc -o conftest -std=c99    conftest.c  >&5
configure:12846: $? = 0
configure:12846: ./conftest
configure:12846: $? = 0
configure:12860: result: 2
configure:12874: checking size of int
configure:12879: gcc -o conftest -std=c99    conftest.c  >&5
configure:12879: $? = 0
configure:12879: ./conftest
configure:12879: $? = 0
configure:12893: result: 4
configure:12907: checking size of unsigned int
configure:12912: gcc -o conftest -std=c99    conftest.c  >&5
configure:12912: $? = 0
configure:12912: ./conftest
configure:12912: $? = 0
configure:12926: result: 4
configure:12940: checking size of long
configure:12945: gcc -o conftest -std=c99    conftest.c  >&5
configure:12945: $? = 0
configure:12945: ./conftest
configure:12945: $? = 0
configure:12959: result: 8
configure:12973: checking size of unsigned long
configure:12978: gcc -o conftest -std=c99    conftest.c  >&5
configure:12978: $? = 0
configure:12978: ./conftest
configure:12978: $? = 0
configure:12992: result: 8
configure:13003: checking for uint8_t
configure:13003: gcc -c -std=c99   conftest.c >&5
configure:13003: $? = 0
configure:13003: gcc -c -std=c99   conftest.c >&5
conftest.c: In function 'main':
conftest.c:82:22: error: expected expression before ')' token
 if (sizeof ((uint8_t)))
                      ^
configure:13003: $? = 1
configure: failed program was:
| /* confdefs.h */
| #define PACKAGE_NAME ""
| #define PACKAGE_TARNAME ""
| #define PACKAGE_VERSION ""
| #define PACKAGE_STRING ""
| #define PACKAGE_BUGREPORT ""
| #define PACKAGE_URL ""
| #define STDC_HEADERS 1
| #define HAVE_SYS_TYPES_H 1
| #define HAVE_SYS_STAT_H 1
| #define HAVE_STDLIB_H 1
| #define HAVE_STRING_H 1
| #define HAVE_MEMORY_H 1
| #define HAVE_STRINGS_H 1
| #define HAVE_INTTYPES_H 1
| #define HAVE_STDINT_H 1
| #define HAVE_UNISTD_H 1
| #define __EXTENSIONS__ 1
| #define _ALL_SOURCE 1
| #define _GNU_SOURCE 1
| #define _POSIX_PTHREAD_SEMANTICS 1
| #define _TANDEM_SOURCE 1
| #define PACKAGE "crfsuite"
| #define VERSION "0.12"
| #define PROTOTYPES 1
| #define __PROTOTYPES 1
| #define STDC_HEADERS 1
| #define HAVE_STRING_H 1
| #define HAVE_DLFCN_H 1
| #define LT_OBJDIR ".libs/"
| #define STDC_HEADERS 1
| #define HAVE_FCNTL_H 1
| #define HAVE_LIMITS_H 1
| #define HAVE_MALLOC_H 1
| #define HAVE_STRINGS_H 1
| #define HAVE_UNISTD_H 1
| #define HAVE_STDINT_H 1
| #define SIZEOF_ 0
| #define SIZEOF_SHORT 2
| #define SIZEOF_UNSIGNED_SHORT 2
| #define SIZEOF_INT 4
| #define SIZEOF_UNSIGNED_INT 4
| #define SIZEOF_LONG 8
| #define SIZEOF_UNSIGNED_LONG 8
| /* end confdefs.h.  */
| #include <stdio.h>
| #ifdef HAVE_SYS_TYPES_H
| # include <sys/types.h>
| #endif
| #ifdef HAVE_SYS_STAT_H
| # include <sys/stat.h>
| #endif
| #ifdef STDC_HEADERS
| # include <stdlib.h>
| # include <stddef.h>
| #else
| # ifdef HAVE_STDLIB_H
| #  include <stdlib.h>
| # endif
| #endif
| #ifdef HAVE_STRING_H
| # if !defined STDC_HEADERS && defined HAVE_MEMORY_H
| #  include <memory.h>
| # endif
| # include <string.h>
| #endif
| #ifdef HAVE_STRINGS_H
| # include <strings.h>
| #endif
| #ifdef HAVE_INTTYPES_H
| # include <inttypes.h>
| #endif
| #ifdef HAVE_STDINT_H
| # include <stdint.h>
| #endif
| #ifdef HAVE_UNISTD_H
| # include <unistd.h>
| #endif
| int
| main ()
| {
| if (sizeof ((uint8_t)))
| 	    return 0;
|   ;
|   return 0;
| }
configure:13003: result: yes
configure:13012: checking for uint16_t
configure:13012: gcc -c -std=c99   conftest.c >&5
configure:13012: $? = 0
configure:13012: gcc -c -std=c99   conftest.c >&5
conftest.c: In function 'main':
conftest.c:83:23: error: expected expression before ')' token
 if (sizeof ((uint16_t)))
                       ^
configure:13012: $? = 1
configure: failed program was:
| /* confdefs.h */
| #define PACKAGE_NAME ""
| #define PACKAGE_TARNAME ""
| #define PACKAGE_VERSION ""
| #define PACKAGE_STRING ""
| #define PACKAGE_BUGREPORT ""
| #define PACKAGE_URL ""
| #define STDC_HEADERS 1
| #define HAVE_SYS_TYPES_H 1
| #define HAVE_SYS_STAT_H 1
| #define HAVE_STDLIB_H 1
| #define HAVE_STRING_H 1
| #define HAVE_MEMORY_H 1
| #define HAVE_STRINGS_H 1
| #define HAVE_INTTYPES_H 1
| #define HAVE_STDINT_H 1
| #define HAVE_UNISTD_H 1
| #define __EXTENSIONS__ 1
| #define _ALL_SOURCE 1
| #define _GNU_SOURCE 1
| #define _POSIX_PTHREAD_SEMANTICS 1
| #define _TANDEM_SOURCE 1
| #define PACKAGE "crfsuite"
| #define VERSION "0.12"
| #define PROTOTYPES 1
| #define __PROTOTYPES 1
| #define STDC_HEADERS 1
| #define HAVE_STRING_H 1
| #define HAVE_DLFCN_H 1
| #define LT_OBJDIR ".libs/"
| #define STDC_HEADERS 1
| #define HAVE_FCNTL_H 1
| #define HAVE_LIMITS_H 1
| #define HAVE_MALLOC_H 1
| #define HAVE_STRINGS_H 1
| #define HAVE_UNISTD_H 1
| #define HAVE_STDINT_H 1
| #define SIZEOF_ 0
| #define SIZEOF_SHORT 2
| #define SIZEOF_UNSIGNED_SHORT 2
| #define SIZEOF_INT 4
| #define SIZEOF_UNSIGNED_INT 4
| #define SIZEOF_LONG 8
| #define SIZEOF_UNSIGNED_LONG 8
| #define HAVE_UINT8_T 1
| /* end confdefs.h.  */
| #include <stdio.h>
| #ifdef HAVE_SYS_TYPES_H
| # include <sys/types.h>
| #endif
| #ifdef HAVE_SYS_STAT_H
| # include <sys/stat.h>
| #endif
| #ifdef STDC_HEADERS
| # include <stdlib.h>
| # include <stddef.h>
| #else
| # ifdef HAVE_STDLIB_H
| #  include <stdlib.h>
| # endif
| #endif
| #ifdef HAVE_STRING_H
| # if !defined STDC_HEADERS && defined HAVE_MEMORY_H
| #  include <memory.h>
| # endif
| # include <string.h>
| #endif
| #ifdef HAVE_STRINGS_H
| # include <strings.h>
| #endif
| #ifdef HAVE_INTTYPES_H
| # include <inttypes.h>
| #endif
| #ifdef HAVE_STDINT_H
| # include <stdint.h>
| #endif
| #ifdef HAVE_UNISTD_H
| # include <unistd.h>
| #endif
| int
| main ()
| {
| if (sizeof ((uint16_t)))
| 	    return 0;
|   ;
|   return 0;
| }
configure:13012: result: yes
configure:13021: checking for uint32_t
configure:13021: gcc -c -std=c99   conftest.c >&5
configure:13021: $? = 0
configure:13021: gcc -c -std=c99   conftest.c >&5
conftest.c: In function 'main':
conftest.c:84:23: error: expected expression before ')' token
 if (sizeof ((uint32_t)))
                       ^
configure:13021: $? = 1
configure: failed program was:
| /* confdefs.h */
| #define PACKAGE_NAME ""
| #define PACKAGE_TARNAME ""
| #define PACKAGE_VERSION ""
| #define PACKAGE_STRING ""
| #define PACKAGE_BUGREPORT ""
| #define PACKAGE_URL ""
| #define STDC_HEADERS 1
| #define HAVE_SYS_TYPES_H 1
| #define HAVE_SYS_STAT_H 1
| #define HAVE_STDLIB_H 1
| #define HAVE_STRING_H 1
| #define HAVE_MEMORY_H 1
| #define HAVE_STRINGS_H 1
| #define HAVE_INTTYPES_H 1
| #define HAVE_STDINT_H 1
| #define HAVE_UNISTD_H 1
| #define __EXTENSIONS__ 1
| #define _ALL_SOURCE 1
| #define _GNU_SOURCE 1
| #define _POSIX_PTHREAD_SEMANTICS 1
| #define _TANDEM_SOURCE 1
| #define PACKAGE "crfsuite"
| #define VERSION "0.12"
| #define PROTOTYPES 1
| #define __PROTOTYPES 1
| #define STDC_HEADERS 1
| #define HAVE_STRING_H 1
| #define HAVE_DLFCN_H 1
| #define LT_OBJDIR ".libs/"
| #define STDC_HEADERS 1
| #define HAVE_FCNTL_H 1
| #define HAVE_LIMITS_H 1
| #define HAVE_MALLOC_H 1
| #define HAVE_STRINGS_H 1
| #define HAVE_UNISTD_H 1
| #define HAVE_STDINT_H 1
| #define SIZEOF_ 0
| #define SIZEOF_SHORT 2
| #define SIZEOF_UNSIGNED_SHORT 2
| #define SIZEOF_INT 4
| #define SIZEOF_UNSIGNED_INT 4
| #define SIZEOF_LONG 8
| #define SIZEOF_UNSIGNED_LONG 8
| #define HAVE_UINT8_T 1
| #define HAVE_UINT16_T 1
| /* end confdefs.h.  */
| #include <stdio.h>
| #ifdef HAVE_SYS_TYPES_H
| # include <sys/types.h>
| #endif
| #ifdef HAVE_SYS_STAT_H
| # include <sys/stat.h>
| #endif
| #ifdef STDC_HEADERS
| # include <stdlib.h>
| # include <stddef.h>
| #else
| # ifdef HAVE_STDLIB_H
| #  include <stdlib.h>
| # endif
| #endif
| #ifdef HAVE_STRING_H
| # if !defined STDC_HEADERS && defined HAVE_MEMORY_H
| #  include <memory.h>
| # endif
| # include <string.h>
| #endif
| #ifdef HAVE_STRINGS_H
| # include <strings.h>
| #endif
| #ifdef HAVE_INTTYPES_H
| # include <inttypes.h>
| #endif
| #ifdef HAVE_STDINT_H
| # include <stdint.h>
| #endif
| #ifdef HAVE_UNISTD_H
| # include <unistd.h>
| #endif
| int
| main ()
| {
| if (sizeof ((uint32_t)))
| 	    return 0;
|   ;
|   return 0;
| }
configure:13021: result: yes
configure:13070: checking for working alloca.h
configure:13087: gcc -o conftest -mfpmath=sse -msse2 -DUSE_SSE -O3 -fomit-frame-pointer -ffast-math -Winline -std=c99    conftest.c  >&5
configure:13087: $? = 0
configure:13095: result: yes
configure:13103: checking for alloca
configure:13140: gcc -o conftest -mfpmath=sse -msse2 -DUSE_SSE -O3 -fomit-frame-pointer -ffast-math -Winline -std=c99    conftest.c  >&5
configure:13140: $? = 0
configure:13148: result: yes
configure:13254: checking for working memcmp
configure:13297: gcc -o conftest -mfpmath=sse -msse2 -DUSE_SSE -O3 -fomit-frame-pointer -ffast-math -Winline -std=c99    conftest.c  >&5
configure:13297: $? = 0
configure:13297: ./conftest
configure:13297: $? = 0
configure:13307: result: yes
configure:13318: checking for vprintf
configure:13318: gcc -o conftest -mfpmath=sse -msse2 -DUSE_SSE -O3 -fomit-frame-pointer -ffast-math -Winline -std=c99    conftest.c  >&5
conftest.c:74:6: warning: conflicting types for built-in function 'vprintf'
 char vprintf ();
      ^
configure:13318: $? = 0
configure:13318: result: yes
configure:13324: checking for _doprnt
configure:13324: gcc -o conftest -mfpmath=sse -msse2 -DUSE_SSE -O3 -fomit-frame-pointer -ffast-math -Winline -std=c99    conftest.c  >&5
/tmp/ccBm86Rs.o: In function `main':
conftest.c:(.text.startup+0x7): undefined reference to `_doprnt'
collect2: error: ld returned 1 exit status
configure:13324: $? = 1
configure: failed program was:
| /* confdefs.h */
| #define PACKAGE_NAME ""
| #define PACKAGE_TARNAME ""
| #define PACKAGE_VERSION ""
| #define PACKAGE_STRING ""
| #define PACKAGE_BUGREPORT ""
| #define PACKAGE_URL ""
| #define STDC_HEADERS 1
| #define HAVE_SYS_TYPES_H 1
| #define HAVE_SYS_STAT_H 1
| #define HAVE_STDLIB_H 1
| #define HAVE_STRING_H 1
| #define HAVE_MEMORY_H 1
| #define HAVE_STRINGS_H 1
| #define HAVE_INTTYPES_H 1
| #define HAVE_STDINT_H 1
| #define HAVE_UNISTD_H 1
| #define __EXTENSIONS__ 1
| #define _ALL_SOURCE 1
| #define _GNU_SOURCE 1
| #define _POSIX_PTHREAD_SEMANTICS 1
| #define _TANDEM_SOURCE 1
| #define PACKAGE "crfsuite"
| #define VERSION "0.12"
| #define PROTOTYPES 1
| #define __PROTOTYPES 1
| #define STDC_HEADERS 1
| #define HAVE_STRING_H 1
| #define HAVE_DLFCN_H 1
| #define LT_OBJDIR ".libs/"
| #define STDC_HEADERS 1
| #define HAVE_FCNTL_H 1
| #define HAVE_LIMITS_H 1
| #define HAVE_MALLOC_H 1
| #define HAVE_STRINGS_H 1
| #define HAVE_UNISTD_H 1
| #define HAVE_STDINT_H 1
| #define SIZEOF_ 0
| #define SIZEOF_SHORT 2
| #define SIZEOF_UNSIGNED_SHORT 2
| #define SIZEOF_INT 4
| #define SIZEOF_UNSIGNED_INT 4
| #define SIZEOF_LONG 8
| #define SIZEOF_UNSIGNED_LONG 8
| #define HAVE_UINT8_T 1
| #define HAVE_UINT16_T 1
| #define HAVE_UINT32_T 1
| #define HAVE_ALLOCA_H 1
| #define HAVE_ALLOCA 1
| #define HAVE_VPRINTF 1
| /* end confdefs.h.  */
| /* Define _doprnt to an innocuous variant, in case <limits.h> declares _doprnt.
|    For example, HP-UX 11i <limits.h> declares gettimeofday.  */
| #define _doprnt innocuous__doprnt
| 
| /* System header to define __stub macros and hopefully few prototypes,
|     which can conflict with char _doprnt (); below.
|     Prefer <limits.h> to <assert.h> if __STDC__ is defined, since
|     <limits.h> exists even on freestanding compilers.  */
| 
| #ifdef __STDC__
| # include <limits.h>
| #else
| # include <assert.h>
| #endif
| 
| #undef _doprnt
| 
| /* Override any GCC internal prototype to avoid an error.
|    Use char because int might match the return type of a GCC
|    builtin and then its argument prototype would still apply.  */
| #ifdef __cplusplus
| extern "C"
| #endif
| char _doprnt ();
| /* The GNU C library defines this for functions which it implements
|     to always fail with ENOSYS.  Some functions are actually named
|     something starting with __ and the normal name is an alias.  */
| #if defined __stub__doprnt || defined __stub____doprnt
| choke me
| #endif
| 
| int
| main ()
| {
| return _doprnt ();
|   ;
|   return 0;
| }
configure:13324: result: no
configure:13338: checking for strdup
configure:13338: gcc -o conftest -mfpmath=sse -msse2 -DUSE_SSE -O3 -fomit-frame-pointer -ffast-math -Winline -std=c99    conftest.c  >&5
configure:13338: $? = 0
configure:13338: result: yes
configure:13338: checking for strerror
configure:13338: gcc -o conftest -mfpmath=sse -msse2 -DUSE_SSE -O3 -fomit-frame-pointer -ffast-math -Winline -std=c99    conftest.c  >&5
configure:13338: $? = 0
configure:13338: result: yes
configure:13338: checking for strtol
configure:13338: gcc -o conftest -mfpmath=sse -msse2 -DUSE_SSE -O3 -fomit-frame-pointer -ffast-math -Winline -std=c99    conftest.c  >&5
configure:13338: $? = 0
configure:13338: result: yes
configure:13338: checking for strtoul
configure:13338: gcc -o conftest -mfpmath=sse -msse2 -DUSE_SSE -O3 -fomit-frame-pointer -ffast-math -Winline -std=c99    conftest.c  >&5
configure:13338: $? = 0
configure:13338: result: yes
configure:13348: checking for rand in -lm
configure:13373: gcc -o conftest -mfpmath=sse -msse2 -DUSE_SSE -O3 -fomit-frame-pointer -ffast-math -Winline -std=c99    conftest.c -lm   >&5
configure:13373: $? = 0
configure:13382: result: yes
configure:13401: checking for lbfgs in -llbfgs
configure:13426: gcc -o conftest -mfpmath=sse -msse2 -DUSE_SSE -O3 -fomit-frame-pointer -ffast-math -Winline -std=c99    conftest.c -llbfgs  -lm  >&5
configure:13426: $? = 0
configure:13435: result: yes
configure:13564: checking that generated files are newer than configure
configure:13570: result: done
configure:13597: creating ./config.status

## ---------------------- ##
## Running config.status. ##
## ---------------------- ##

This file was extended by config.status, which was
generated by GNU Autoconf 2.69.  Invocation command line was

  CONFIG_FILES    = 
  CONFIG_HEADERS  = 
  CONFIG_LINKS    = 
  CONFIG_COMMANDS = 
  $ ./config.status 

on epsilon-it

config.status:1131: creating Makefile
config.status:1131: creating genbinary.sh
config.status:1131: creating include/Makefile
config.status:1131: creating lib/cqdb/Makefile
config.status:1131: creating lib/crf/Makefile
config.status:1131: creating frontend/Makefile
config.status:1131: creating swig/Makefile
config.status:1131: creating swig/perl/Makefile.PL
config.status:1131: creating config.h
config.status:1360: executing depfiles commands
config.status:1360: executing libtool commands

## ---------------- ##
## Cache variables. ##
## ---------------- ##

ac_cv_build=x86_64-pc-linux-gnu
ac_cv_c_compiler_gnu=yes
ac_cv_c_const=yes
ac_cv_env_CC_set=
ac_cv_env_CC_value=
ac_cv_env_CFLAGS_set=
ac_cv_env_CFLAGS_value=
ac_cv_env_CPPFLAGS_set=
ac_cv_env_CPPFLAGS_value=
ac_cv_env_CPP_set=
ac_cv_env_CPP_value=
ac_cv_env_LDFLAGS_set=
ac_cv_env_LDFLAGS_value=
ac_cv_env_LIBS_set=
ac_cv_env_LIBS_value=
ac_cv_env_LT_SYS_LIBRARY_PATH_set=
ac_cv_env_LT_SYS_LIBRARY_PATH_value=
ac_cv_env_build_alias_set=
ac_cv_env_build_alias_value=
ac_cv_env_host_alias_set=
ac_cv_env_host_alias_value=
ac_cv_env_target_alias_set=
ac_cv_env_target_alias_value=
ac_cv_func__doprnt=no
ac_cv_func_alloca_works=yes
ac_cv_func_memcmp_working=yes
ac_cv_func_strdup=yes
ac_cv_func_strerror=yes
ac_cv_func_strtol=yes
ac_cv_func_strtoul=yes
ac_cv_func_vprintf=yes
ac_cv_header_dlfcn_h=yes
ac_cv_header_fcntl_h=yes
ac_cv_header_inttypes_h=yes
ac_cv_header_limits_h=yes
ac_cv_header_malloc_h=yes
ac_cv_header_memory_h=yes
ac_cv_header_minix_config_h=no
ac_cv_header_stdc=yes
ac_cv_header_stdint_h=yes
ac_cv_header_stdlib_h=yes
ac_cv_header_string_h=yes
ac_cv_header_strings_h=yes
ac_cv_header_sys_stat_h=yes
ac_cv_header_sys_types_h=yes
ac_cv_header_unistd_h=yes
ac_cv_host=x86_64-pc-linux-gnu
ac_cv_lib_lbfgs_lbfgs=yes
ac_cv_lib_m_rand=yes
ac_cv_objext=o
ac_cv_path_EGREP='/bin/grep -E'
ac_cv_path_FGREP='/bin/grep -F'
ac_cv_path_GREP=/bin/grep
ac_cv_path_SED=/bin/sed
ac_cv_path_install='/usr/bin/install -c'
ac_cv_path_lt_DD=/bin/dd
ac_cv_path_mkdir=/bin/mkdir
ac_cv_prog_AWK=gawk
ac_cv_prog_CPP='gcc -E'
ac_cv_prog_ac_ct_AR=ar
ac_cv_prog_ac_ct_CC=gcc
ac_cv_prog_ac_ct_MANIFEST_TOOL=mt
ac_cv_prog_ac_ct_OBJDUMP=objdump
ac_cv_prog_ac_ct_RANLIB=ranlib
ac_cv_prog_ac_ct_STRIP=strip
ac_cv_prog_cc_c89=
ac_cv_prog_cc_g=yes
ac_cv_prog_make_make_set=yes
ac_cv_safe_to_define___extensions__=yes
ac_cv_search_strerror='none required'
ac_cv_sizeof_=0
ac_cv_sizeof_int=4
ac_cv_sizeof_long=8
ac_cv_sizeof_short=2
ac_cv_sizeof_unsigned_int=4
ac_cv_sizeof_unsigned_long=8
ac_cv_sizeof_unsigned_short=2
ac_cv_struct_tm=time.h
ac_cv_type_size_t=yes
ac_cv_type_uint16_t=yes
ac_cv_type_uint32_t=yes
ac_cv_type_uint8_t=yes
ac_cv_working_alloca_h=yes
am_cv_CC_dependencies_compiler_type=gcc3
am_cv_make_support_nested_variables=yes
am_cv_prog_cc_c_o=yes
lt_cv_ar_at_file=@
lt_cv_archive_cmds_need_lc=no
lt_cv_deplibs_check_method=pass_all
lt_cv_file_magic_cmd='$MAGIC_CMD'
lt_cv_file_magic_test_file=
lt_cv_ld_reload_flag=-r
lt_cv_nm_interface='BSD nm'
lt_cv_objdir=.libs
lt_cv_path_LD=/usr/bin/ld
lt_cv_path_NM='/usr/bin/nm -B'
lt_cv_path_mainfest_tool=no
lt_cv_prog_compiler_c_o=yes
lt_cv_prog_compiler_pic='-fPIC -DPIC'
lt_cv_prog_compiler_pic_works=yes
lt_cv_prog_compiler_rtti_exceptions=no
lt_cv_prog_compiler_static_works=yes
lt_cv_prog_gnu_ld=yes
lt_cv_sharedlib_from_linklib_cmd='printf %s\n'
lt_cv_shlibpath_overrides_runpath=no
lt_cv_sys_global_symbol_pipe='sed -n -e '\''s/^.*[	 ]\([ABCDGIRSTW][ABCDGIRSTW]*\)[	 ][	 ]*\([_A-Za-z][_A-Za-z0-9]*\)$/\1 \2 \2/p'\'' | sed '\''/ __gnu_lto/d'\'''
lt_cv_sys_global_symbol_to_c_name_address='sed -n -e '\''s/^: \(.*\) .*$/  {"\1", (void *) 0},/p'\'' -e '\''s/^[ABCDGIRSTW][ABCDGIRSTW]* .* \(.*\)$/  {"\1", (void *) \&\1},/p'\'''
lt_cv_sys_global_symbol_to_c_name_address_lib_prefix='sed -n -e '\''s/^: \(.*\) .*$/  {"\1", (void *) 0},/p'\'' -e '\''s/^[ABCDGIRSTW][ABCDGIRSTW]* .* \(lib.*\)$/  {"\1", (void *) \&\1},/p'\'' -e '\''s/^[ABCDGIRSTW][ABCDGIRSTW]* .* \(.*\)$/  {"lib\1", (void *) \&\1},/p'\'''
lt_cv_sys_global_symbol_to_cdecl='sed -n -e '\''s/^T .* \(.*\)$/extern int \1();/p'\'' -e '\''s/^[ABCDGIRSTW][ABCDGIRSTW]* .* \(.*\)$/extern char \1;/p'\'''
lt_cv_sys_global_symbol_to_import=
lt_cv_sys_max_cmd_len=1572864
lt_cv_to_host_file_cmd=func_convert_file_noop
lt_cv_to_tool_file_cmd=func_convert_file_noop
lt_cv_truncate_bin='/bin/dd bs=4096 count=1'

## ----------------- ##
## Output variables. ##
## ----------------- ##

ACLOCAL='${SHELL} /home/ginter/crfsuite/missing aclocal-1.15'
ALLOCA=''
AMDEPBACKSLASH='\'
AMDEP_FALSE='#'
AMDEP_TRUE=''
AMTAR='$${TAR-tar}'
AM_BACKSLASH='\'
AM_DEFAULT_V='$(AM_DEFAULT_VERBOSITY)'
AM_DEFAULT_VERBOSITY='1'
AM_V='$(V)'
AR='ar'
AUTOCONF='${SHELL} /home/ginter/crfsuite/missing autoconf'
AUTOHEADER='${SHELL} /home/ginter/crfsuite/missing autoheader'
AUTOMAKE='${SHELL} /home/ginter/crfsuite/missing automake-1.15'
AWK='gawk'
CC='gcc'
CCDEPMODE='depmode=gcc3'
CFLAGS='-mfpmath=sse -msse2 -DUSE_SSE -O3 -fomit-frame-pointer -ffast-math -Winline -std=c99 '
CPP='gcc -E'
CPPFLAGS=''
CYGPATH_W='echo'
DEFS='-DHAVE_CONFIG_H'
DEPDIR='.deps'
DLLTOOL='false'
DSYMUTIL=''
DUMPBIN=''
ECHO_C=''
ECHO_N='-n'
ECHO_T=''
EGREP='/bin/grep -E'
EXEEXT=''
FGREP='/bin/grep -F'
GREP='/bin/grep'
INCLUDES='-I$(top_srcdir) -I$(top_srcdir)/include -I$(srcdir)'
INSTALL_DATA='${INSTALL} -m 644'
INSTALL_PROGRAM='${INSTALL}'
INSTALL_SCRIPT='${INSTALL}'
INSTALL_STRIP_PROGRAM='$(install_sh) -c -s'
LD='/usr/bin/ld -m elf_x86_64'
LDFLAGS=''
LIBOBJS=''
LIBS='-llbfgs -lm '
LIBTOOL='$(SHELL) $(top_builddir)/libtool'
LIPO=''
LN_S='ln -s'
LTLIBOBJS=''
LT_SYS_LIBRARY_PATH=''
MAINT='#'
MAINTAINER_MODE_FALSE=''
MAINTAINER_MODE_TRUE='#'
MAKEINFO='${SHELL} /home/ginter/crfsuite/missing makeinfo'
MANIFEST_TOOL=':'
MKDIR_P='/bin/mkdir -p'
NM='/usr/bin/nm -B'
NMEDIT=''
OBJDUMP='objdump'
OBJEXT='o'
OTOOL64=''
OTOOL=''
PACKAGE='crfsuite'
PACKAGE_BUGREPORT=''
PACKAGE_NAME=''
PACKAGE_STRING=''
PACKAGE_TARNAME=''
PACKAGE_URL=''
PACKAGE_VERSION=''
PATH_SEPARATOR=':'
RANLIB='ranlib'
SED='/bin/sed'
SET_MAKE=''
SHELL='/bin/bash'
STRIP='strip'
VERSION='0.12'
ac_ct_AR='ar'
ac_ct_CC='gcc'
ac_ct_DUMPBIN=''
am__EXEEXT_FALSE=''
am__EXEEXT_TRUE='#'
am__fastdepCC_FALSE='#'
am__fastdepCC_TRUE=''
am__include='include'
am__isrc=''
am__leading_dot='.'
am__nodep='_no'
am__quote=''
am__tar='$${TAR-tar} chof - "$$tardir"'
am__untar='$${TAR-tar} xf -'
bindir='${exec_prefix}/bin'
build='x86_64-pc-linux-gnu'
build_alias=''
build_cpu='x86_64'
build_os='linux-gnu'
build_vendor='pc'
datadir='${datarootdir}'
datarootdir='${prefix}/share'
docdir='${datarootdir}/doc/${PACKAGE}'
dvidir='${docdir}'
exec_prefix='${prefix}'
host='x86_64-pc-linux-gnu'
host_alias=''
host_cpu='x86_64'
host_os='linux-gnu'
host_vendor='pc'
htmldir='${docdir}'
includedir='${prefix}/include'
infodir='${datarootdir}/info'
install_sh='${SHELL} /home/ginter/crfsuite/install-sh'
libdir='${exec_prefix}/lib'
libexecdir='${exec_prefix}/libexec'
localedir='${datarootdir}/locale'
localstatedir='${prefix}/var'
mandir='${datarootdir}/man'
mkdir_p='$(MKDIR_P)'
oldincludedir='/usr/include'
pdfdir='${docdir}'
prefix='/usr/local'
program_transform_name='s,x,x,'
psdir='${docdir}'
runstatedir='${localstatedir}/run'
sbindir='${exec_prefix}/sbin'
sharedstatedir='${prefix}/com'
sysconfdir='${prefix}/etc'
target_alias=''

## ----------- ##
## confdefs.h. ##
## ----------- ##

/* confdefs.h */
#define PACKAGE_NAME ""
#define PACKAGE_TARNAME ""
#define PACKAGE_VERSION ""
#define PACKAGE_STRING ""
#define PACKAGE_BUGREPORT ""
#define PACKAGE_URL ""
#define STDC_HEADERS 1
#define HAVE_SYS_TYPES_H 1
#define HAVE_SYS_STAT_H 1
#define HAVE_STDLIB_H 1
#define HAVE_STRING_H 1
#define HAVE_MEMORY_H 1
#define HAVE_STRINGS_H 1
#define HAVE_INTTYPES_H 1
#define HAVE_STDINT_H 1
#define HAVE_UNISTD_H 1
#define __EXTENSIONS__ 1
#define _ALL_SOURCE 1
#define _GNU_SOURCE 1
#define _POSIX_PTHREAD_SEMANTICS 1
#define _TANDEM_SOURCE 1
#define PACKAGE "crfsuite"
#define VERSION "0.12"
#define PROTOTYPES 1
#define __PROTOTYPES 1
#define STDC_HEADERS 1
#define HAVE_STRING_H 1
#define HAVE_DLFCN_H 1
#define LT_OBJDIR ".libs/"
#define STDC_HEADERS 1
#define HAVE_FCNTL_H 1
#define HAVE_LIMITS_H 1
#define HAVE_MALLOC_H 1
#define HAVE_STRINGS_H 1
#define HAVE_UNISTD_H 1
#define HAVE_STDINT_H 1
#define SIZEOF_ 0
#define SIZEOF_SHORT 2
#define SIZEOF_UNSIGNED_SHORT 2
#define SIZEOF_INT 4
#define SIZEOF_UNSIGNED_INT 4
#define SIZEOF_LONG 8
#define SIZEOF_UNSIGNED_LONG 8
#define HAVE_UINT8_T 1
#define HAVE_UINT16_T 1
#define HAVE_UINT32_T 1
#define HAVE_ALLOCA_H 1
#define HAVE_ALLOCA 1
#define HAVE_VPRINTF 1
#define HAVE_STRDUP 1
#define HAVE_STRERROR 1
#define HAVE_STRTOL 1
#define HAVE_STRTOUL 1
#define HAVE_LIBM 1
#define HAVE_LIBLBFGS 1

configure: exit 0
